[0m22:48:04.069225 [debug] [MainThread]: Sending event: {'category': 'dbt', 'action': 'invocation', 'label': 'start', 'context': [<snowplow_tracker.self_describing_json.SelfDescribingJson object at 0x10f0ac410>, <snowplow_tracker.self_describing_json.SelfDescribingJson object at 0x10f0c6f50>, <snowplow_tracker.self_describing_json.SelfDescribingJson object at 0x10f0c7790>]}


============================== 22:48:04.123622 | 08b6da20-9cb1-488b-9320-42f869ca0312 ==============================
[0m22:48:04.123622 [info ] [MainThread]: Running with dbt=1.11.2
[0m22:48:04.125025 [debug] [MainThread]: running dbt with arguments {'target_path': 'None', 'fail_fast': 'False', 'static_parser': 'True', 'use_experimental_parser': 'False', 'use_colors': 'True', 'write_json': 'True', 'warn_error': 'None', 'warn_error_options': 'WarnErrorOptionsV2(error=[], warn=[], silence=[])', 'log_format': 'default', 'profiles_dir': '/Users/akankshamandala/.dbt', 'invocation_command': 'dbt init ecommerce_dbt', 'cache_selected_only': 'False', 'printer_width': '80', 'log_path': 'logs', 'indirect_selection': 'eager', 'send_anonymous_usage_stats': 'True', 'no_print': 'None', 'quiet': 'False', 'debug': 'False', 'empty': 'None', 'introspect': 'True', 'version_check': 'True', 'partial_parse': 'True', 'log_cache_events': 'False'}
[0m22:48:04.272430 [info ] [MainThread]: Creating dbt configuration folder at /Users/akankshamandala/.dbt
[0m22:48:04.281306 [debug] [MainThread]: Starter project path: /Users/akankshamandala/ecommerce-data-pipeline/venv/lib/python3.11/site-packages/dbt/include/starter_project
[0m22:48:04.316403 [info ] [MainThread]: 
Your new dbt project "ecommerce_dbt" was created!

For more information on how to configure the profiles.yml file,
please consult the dbt documentation here:

  https://docs.getdbt.com/docs/configure-your-profile

One more thing:

Need help? Don't hesitate to reach out to us via GitHub issues or on Slack:

  https://community.getdbt.com/

Happy modeling!

[0m22:48:04.317018 [info ] [MainThread]: Setting up your profile.
[0m22:51:33.146132 [info ] [MainThread]: Profile ecommerce_dbt written to /Users/akankshamandala/.dbt/profiles.yml using target's profile_template.yml and your supplied values. Run 'dbt debug' to validate the connection.
[0m22:51:33.490229 [debug] [MainThread]: Resource report: {"command_name": "init", "command_success": true, "command_wall_clock_time": 217.75198, "process_in_blocks": "0", "process_kernel_time": 1.577035, "process_mem_max_rss": "96055296", "process_out_blocks": "0", "process_user_time": 2.007013}
[0m22:51:33.504154 [debug] [MainThread]: Command `dbt init` succeeded at 22:51:33.497765 after 217.77 seconds
[0m22:51:33.515738 [debug] [MainThread]: Sending event: {'category': 'dbt', 'action': 'invocation', 'label': 'end', 'context': [<snowplow_tracker.self_describing_json.SelfDescribingJson object at 0x10f042f90>, <snowplow_tracker.self_describing_json.SelfDescribingJson object at 0x10f049250>, <snowplow_tracker.self_describing_json.SelfDescribingJson object at 0x10edcc390>]}
[0m22:51:33.520884 [debug] [MainThread]: Flushing usage events
[0m22:51:34.225342 [debug] [MainThread]: An error was encountered while trying to flush usage events
